<?xml version="1.0" encoding="UTF-8"?>
<coverage generated="1632181783747" clover="3.2.0">
  <project timestamp="1632181783747" name="All files">
    <metrics statements="9" coveredstatements="9" conditionals="0" coveredconditionals="0" methods="2" coveredmethods="2" elements="11" coveredelements="11" complexity="0" loc="9" ncloc="9" packages="2" files="2" classes="2"/>
    <package name="number-facts">
      <metrics statements="3" coveredstatements="3" conditionals="0" coveredconditionals="0" methods="1" coveredmethods="1"/>
      <file name="index.js" path="C:\Sandro\Unit-Integration-y-E2E-Testing-en-Fullstack-Javascript\Sección 4 - Fundamentos de Mocks con Jest\number-facts\index.js">
        <metrics statements="3" coveredstatements="3" conditionals="0" coveredconditionals="0" methods="1" coveredmethods="1"/>
        <line num="3" count="1" type="stmt"/>
        <line num="4" count="2" type="stmt"/>
        <line num="5" count="2" type="stmt"/>
      </file>
    </package>
    <package name="number-facts.service">
      <metrics statements="6" coveredstatements="6" conditionals="0" coveredconditionals="0" methods="1" coveredmethods="1"/>
      <file name="index.js" path="C:\Sandro\Unit-Integration-y-E2E-Testing-en-Fullstack-Javascript\Sección 4 - Fundamentos de Mocks con Jest\number-facts\service\index.js">
        <metrics statements="6" coveredstatements="6" conditionals="0" coveredconditionals="0" methods="1" coveredmethods="1"/>
        <line num="3" count="2" type="stmt"/>
        <line num="4" count="2" type="stmt"/>
        <line num="5" count="2" type="stmt"/>
        <line num="9" count="2" type="stmt"/>
        <line num="11" count="1" type="stmt"/>
        <line num="13" count="1" type="stmt"/>
      </file>
    </package>
  </project>
</coverage>
