{"C:\\Sandro\\Unit-Integration-y-E2E-Testing-en-Fullstack-Javascript\\Sección 4 - Fundamentos de Mocks con Jest\\number-facts\\index.js": {"path":"C:\\Sandro\\Unit-Integration-y-E2E-Testing-en-Fullstack-Javascript\\Sección 4 - Fundamentos de Mocks con Jest\\number-facts\\index.js","statementMap":{"0":{"start":{"line":3,"column":35},"end":{"line":6,"column":1}},"1":{"start":{"line":4,"column":27},"end":{"line":4,"column":61}},"2":{"start":{"line":5,"column":2},"end":{"line":5,"column":26}}},"fnMap":{"0":{"name":"(anonymous_0)","decl":{"start":{"line":3,"column":35},"end":{"line":3,"column":36}},"loc":{"start":{"line":3,"column":47},"end":{"line":6,"column":1}},"line":3}},"branchMap":{},"s":{"0":1,"1":2,"2":2},"f":{"0":2},"b":{},"_coverageSchema":"1a1c01bbd47fc00a2c39e90264f33305004495a9","hash":"5938400c500cc3d45b06bfa5cce71803aecff7b8"}
,"C:\\Sandro\\Unit-Integration-y-E2E-Testing-en-Fullstack-Javascript\\Sección 4 - Fundamentos de Mocks con Jest\\number-facts\\service\\index.js": {"path":"C:\\Sandro\\Unit-Integration-y-E2E-Testing-en-Fullstack-Javascript\\Sección 4 - Fundamentos de Mocks con Jest\\number-facts\\service\\index.js","statementMap":{"0":{"start":{"line":3,"column":42},"end":{"line":15,"column":1}},"1":{"start":{"line":4,"column":2},"end":{"line":14,"column":3}},"2":{"start":{"line":5,"column":21},"end":{"line":7,"column":6}},"3":{"start":{"line":9,"column":17},"end":{"line":9,"column":38}},"4":{"start":{"line":11,"column":4},"end":{"line":11,"column":16}},"5":{"start":{"line":13,"column":4},"end":{"line":13,"column":17}}},"fnMap":{"0":{"name":"(anonymous_0)","decl":{"start":{"line":3,"column":42},"end":{"line":3,"column":43}},"loc":{"start":{"line":3,"column":54},"end":{"line":15,"column":1}},"line":3}},"branchMap":{},"s":{"0":2,"1":2,"2":2,"3":2,"4":1,"5":1},"f":{"0":2},"b":{},"_coverageSchema":"1a1c01bbd47fc00a2c39e90264f33305004495a9","hash":"c53d55e75df0c5cd1fb061a91fc215e26151c27f"}
}
